# JRE version: OpenJDK Runtime Environment JBR-11.0.14.1.1-2043.45-jcef (11.0.14.1+1) (build 11.0.14.1+1-b2043.45)
# Java VM: OpenJDK 64-Bit Server VM JBR-11.0.14.1.1-2043.45-jcef (11.0.14.1+1-b2043.45, mixed mode, tiered, compressed oops, g1 gc, windows-amd64)
Heap:
 garbage-first heap   total 131072K, used 10958K [0x00000000d1200000, 0x0000000100000000)
  region size 1024K, 5 young (5120K), 0 survivors (0K)
 Metaspace       used 22130K, capacity 22796K, committed 22960K, reserved 1069056K
  class space    used 2285K, capacity 2527K, committed 2560K, reserved 1048576K
GC Heap History (6 events):
Event: 3.883 GC heap before
{Heap before GC invocations=0 (full 0):
 garbage-first heap   total 131072K, used 23552K [0x00000000d1200000, 0x0000000100000000)
  region size 1024K, 24 young (24576K), 0 survivors (0K)
 Metaspace       used 15731K, capacity 16236K, committed 16512K, reserved 1064960K
  class space    used 1656K, capacity 1881K, committed 1920K, reserved 1048576K
}
Event: 3.887 GC heap after
{Heap after GC invocations=1 (full 0):
 garbage-first heap   total 131072K, used 5644K [0x00000000d1200000, 0x0000000100000000)
  region size 1024K, 3 young (3072K), 3 survivors (3072K)
 Metaspace       used 15731K, capacity 16236K, committed 16512K, reserved 1064960K
  class space    used 1656K, capacity 1881K, committed 1920K, reserved 1048576K
}
Event: 4.408 GC heap before
{Heap before GC invocations=1 (full 0):
 garbage-first heap   total 131072K, used 13836K [0x00000000d1200000, 0x0000000100000000)
  region size 1024K, 12 young (12288K), 3 survivors (3072K)
 Metaspace       used 20615K, capacity 21190K, committed 21296K, reserved 1069056K
  class space    used 2176K, capacity 2417K, committed 2432K, reserved 1048576K
}
Event: 4.413 GC heap after
{Heap after GC invocations=2 (full 0):
 garbage-first heap   total 131072K, used 6897K [0x00000000d1200000, 0x0000000100000000)
  region size 1024K, 2 young (2048K), 2 survivors (2048K)
 Metaspace       used 20615K, capacity 21190K, committed 21296K, reserved 1069056K
  class space    used 2176K, capacity 2417K, committed 2432K, reserved 1048576K
}
Event: 3604.421 GC heap before
{Heap before GC invocations=3 (full 0):
 garbage-first heap   total 131072K, used 28401K [0x00000000d1200000, 0x0000000100000000)
  region size 1024K, 24 young (24576K), 2 survivors (2048K)
 Metaspace       used 22132K, capacity 22805K, committed 22960K, reserved 1069056K
  class space    used 2286K, capacity 2530K, committed 2560K, reserved 1048576K
}
Event: 3604.542 GC heap after
{Heap after GC invocations=4 (full 1):
 garbage-first heap   total 131072K, used 6862K [0x00000000d1200000, 0x0000000100000000)
  region size 1024K, 0 young (0K), 0 survivors (0K)
 Metaspace       used 22127K, capacity 22796K, committed 22960K, reserved 1069056K
  class space    used 2285K, capacity 2527K, committed 2560K, reserved 1048576K
}

